<?xml version="1.0" encoding="UTF-8"?>
<testsuite name="PruebasClases" tests="4" skipped="0" failures="0" errors="0" timestamp="2023-05-08T18:25:25" hostname="iMac-de-Jesus.local" time="0.057">
  <properties/>
  <testcase name="PruebasGuitarra()" classname="PruebasClases" time="0.051"/>
  <testcase name="PruebasAutomovil()" classname="PruebasClases" time="0.001"/>
  <testcase name="PruebasGuitarra2()" classname="PruebasClases" time="0.001"/>
  <testcase name="PruebasMonitor()" classname="PruebasClases" time="0.001"/>
  <system-out><![CDATA[]]></system-out>
  <system-err><![CDATA[]]></system-err>
</testsuite>
