<?xml version="1.0" encoding="UTF-8"?>
<testsuite name="PruebaPersona" tests="9" skipped="0" failures="0" errors="0" timestamp="2023-05-19T19:45:36" hostname="iMac-de-Jesus.local" time="0.033">
  <properties/>
  <testcase name="testNombreNoNulo()" classname="PruebaPersona" time="0.019"/>
  <testcase name="testEdadNoNula()" classname="PruebaPersona" time="0.001"/>
  <testcase name="CambiarPeso()" classname="PruebaPersona" time="0.003"/>
  <testcase name="testConstructorPersonaSinGenero()" classname="PruebaPersona" time="0.001"/>
  <testcase name="PruebasPersona2()" classname="PruebaPersona" time="0.001"/>
  <testcase name="testConstructorPersona()" classname="PruebaPersona" time="0.001"/>
  <testcase name="testEstaturaNoNula()" classname="PruebaPersona" time="0.001"/>
  <testcase name="testGeneroNoNulo()" classname="PruebaPersona" time="0.0"/>
  <testcase name="testPesoNoNulo()" classname="PruebaPersona" time="0.001"/>
  <system-out><![CDATA[]]></system-out>
  <system-err><![CDATA[]]></system-err>
</testsuite>
