<?xml version="1.0" encoding="UTF-8"?>
<testsuite name="PruEstatura" tests="3" skipped="0" failures="0" errors="0" timestamp="2023-09-11T18:45:45" hostname="iMac-de-Jesus.local" time="0.022">
  <properties/>
  <testcase name="ProbarAltura()" classname="PruEstatura" time="0.018"/>
  <testcase name="ProbarGenero()" classname="PruEstatura" time="0.001"/>
  <testcase name="ProbarNombre()" classname="PruEstatura" time="0.001"/>
  <system-out><![CDATA[]]></system-out>
  <system-err><![CDATA[]]></system-err>
</testsuite>
