<?xml version="1.0" encoding="UTF-8"?>
<testsuite name="PruebasUsuarios" tests="3" skipped="0" failures="0" errors="0" timestamp="2023-08-28T20:17:39" hostname="iMac-de-Jesus.local" time="0.022">
  <properties/>
  <testcase name="pruebaTres()" classname="PruebasUsuarios" time="0.018"/>
  <testcase name="pruebaDos()" classname="PruebasUsuarios" time="0.002"/>
  <testcase name="pruebaUno()" classname="PruebasUsuarios" time="0.0"/>
  <system-out><![CDATA[]]></system-out>
  <system-err><![CDATA[]]></system-err>
</testsuite>
