<?xml version="1.0" encoding="UTF-8"?>
<testsuite name="EmpleadoPruebas" tests="2" skipped="0" failures="0" errors="0" timestamp="2023-05-08T18:27:03" hostname="iMac-de-Jesus.local" time="0.026">
  <properties/>
  <testcase name="PruebascalcularSueldoConHorasExtra()" classname="EmpleadoPruebas" time="0.025"/>
  <testcase name="PruebascalcularSueldoBase()" classname="EmpleadoPruebas" time="0.0"/>
  <system-out><![CDATA[]]></system-out>
  <system-err><![CDATA[]]></system-err>
</testsuite>
