<?xml version="1.0" encoding="UTF-8"?>
<testsuite name="PruebaLibro" tests="2" skipped="0" failures="0" errors="0" timestamp="2023-08-21T18:09:31" hostname="iMac-de-Jesus.local" time="0.016">
  <properties/>
  <testcase name="pruebaDos()" classname="PruebaLibro" time="0.015"/>
  <testcase name="pruebaUno()" classname="PruebaLibro" time="0.0"/>
  <system-out><![CDATA[]]></system-out>
  <system-err><![CDATA[]]></system-err>
</testsuite>
