<?xml version="1.0" encoding="UTF-8"?>
<testsuite name="Pruebas" tests="3" skipped="0" failures="0" errors="0" timestamp="2023-05-08T19:37:08" hostname="iMac-de-Jesus.local" time="0.031">
  <properties/>
  <testcase name="PruebasAutomovil()" classname="Pruebas" time="0.026"/>
  <testcase name="PruebasTaxi()" classname="Pruebas" time="0.001"/>
  <testcase name="PruebasVehiculo()" classname="Pruebas" time="0.002"/>
  <system-out><![CDATA[]]></system-out>
  <system-err><![CDATA[]]></system-err>
</testsuite>
