<?xml version="1.0" encoding="UTF-8"?>
<testsuite name="Pruebas" tests="1" skipped="0" failures="0" errors="0" timestamp="2023-08-22T18:37:35" hostname="iMac-de-Jesus.local" time="0.025">
  <properties/>
  <testcase name="PruebaUno()" classname="Pruebas" time="0.025"/>
  <system-out><![CDATA[]]></system-out>
  <system-err><![CDATA[]]></system-err>
</testsuite>
